<?xml version="1.0" encoding="UTF-8"?>
<testng-results skipped="0" failed="1" total="2" passed="1">
  <reporter-output>
  </reporter-output>
  <suite name="Command line suite" duration-ms="13181" started-at="2016-11-25T09:11:34Z" finished-at="2016-11-25T09:11:47Z">
    <groups>
    </groups>
    <test name="Command line test" duration-ms="13181" started-at="2016-11-25T09:11:34Z" finished-at="2016-11-25T09:11:47Z">
      <class name="com.epam.Tests.Tests">
        <test-method status="PASS" signature="setUp()[pri:0, instance:com.epam.Tests.Tests@6debcae2]" name="setUp" is-config="true" duration-ms="5316" started-at="2016-11-25T12:11:34Z" description="Init browser" finished-at="2016-11-25T12:11:40Z">
          <reporter-output>
          </reporter-output>
        </test-method> <!-- setUp -->
        <test-method status="PASS" signature="loginGitHub()[pri:0, instance:com.epam.Tests.Tests@6debcae2]" name="loginGitHub" duration-ms="3620" started-at="2016-11-25T12:11:41Z" finished-at="2016-11-25T12:11:45Z">
          <reporter-output>
          </reporter-output>
        </test-method> <!-- loginGitHub -->
        <test-method status="FAIL" signature="openYourRepository()[pri:0, instance:com.epam.Tests.Tests@6debcae2]" name="openYourRepository" duration-ms="398" started-at="2016-11-25T12:11:45Z" finished-at="2016-11-25T12:11:46Z">
          <exception class="org.openqa.selenium.ElementNotVisibleException">
            <message>
              <![CDATA[
Build info: version: '3.0.1', revision: '1969d75', time: '2016-10-18 09:49:13 -0700'
System info: host: 'EPBYMINW0932', ip: '10.6.212.98', os.name: 'Windows 7', os.arch: 'amd64', os.version: '6.1', java.version: '1.8.0_111'
Driver info: org.openqa.selenium.firefox.FirefoxDriver
Capabilities [{rotatable=false, raisesAccessibilityExceptions=false, marionette=true, firefoxOptions={args=[], prefs={}}, appBuildId=20161019084923, version=, platform=XP, proxy={}, command_id=1, specificationLevel=0, acceptSslCerts=false, processId=7692, browserVersion=49.0.2, platformVersion=6.1, XULappId={ec8030f7-c20a-464f-9b0e-13a3a9e97384}, browserName=firefox, takesScreenshot=true, takesElementScreenshot=true, platformName=windows_nt, device=desktop}]
Session ID: c34fd794-9c43-484d-8cea-dbfb943b564c]]>
            </message>
            <full-stacktrace>
              <![CDATA[org.openqa.selenium.ElementNotVisibleException: 
Build info: version: '3.0.1', revision: '1969d75', time: '2016-10-18 09:49:13 -0700'
System info: host: 'EPBYMINW0932', ip: '10.6.212.98', os.name: 'Windows 7', os.arch: 'amd64', os.version: '6.1', java.version: '1.8.0_111'
Driver info: org.openqa.selenium.firefox.FirefoxDriver
Capabilities [{rotatable=false, raisesAccessibilityExceptions=false, marionette=true, firefoxOptions={args=[], prefs={}}, appBuildId=20161019084923, version=, platform=XP, proxy={}, command_id=1, specificationLevel=0, acceptSslCerts=false, processId=7692, browserVersion=49.0.2, platformVersion=6.1, XULappId={ec8030f7-c20a-464f-9b0e-13a3a9e97384}, browserName=firefox, takesScreenshot=true, takesElementScreenshot=true, platformName=windows_nt, device=desktop}]
Session ID: c34fd794-9c43-484d-8cea-dbfb943b564c
	at sun.reflect.NativeConstructorAccessorImpl.newInstance0(Native Method)
	at sun.reflect.NativeConstructorAccessorImpl.newInstance(Unknown Source)
	at sun.reflect.DelegatingConstructorAccessorImpl.newInstance(Unknown Source)
	at java.lang.reflect.Constructor.newInstance(Unknown Source)
	at org.openqa.selenium.remote.http.W3CHttpResponseCodec.createException(W3CHttpResponseCodec.java:127)
	at org.openqa.selenium.remote.http.W3CHttpResponseCodec.decode(W3CHttpResponseCodec.java:93)
	at org.openqa.selenium.remote.http.W3CHttpResponseCodec.decode(W3CHttpResponseCodec.java:42)
	at org.openqa.selenium.remote.HttpCommandExecutor.execute(HttpCommandExecutor.java:163)
	at org.openqa.selenium.remote.service.DriverCommandExecutor.execute(DriverCommandExecutor.java:82)
	at org.openqa.selenium.remote.RemoteWebDriver.execute(RemoteWebDriver.java:601)
	at org.openqa.selenium.remote.RemoteWebElement.execute(RemoteWebElement.java:274)
	at org.openqa.selenium.remote.RemoteWebElement.click(RemoteWebElement.java:84)
	at sun.reflect.NativeMethodAccessorImpl.invoke0(Native Method)
	at sun.reflect.NativeMethodAccessorImpl.invoke(Unknown Source)
	at sun.reflect.DelegatingMethodAccessorImpl.invoke(Unknown Source)
	at java.lang.reflect.Method.invoke(Unknown Source)
	at org.openqa.selenium.support.pagefactory.internal.LocatingElementHandler.invoke(LocatingElementHandler.java:51)
	at com.sun.proxy.$Proxy37.click(Unknown Source)
	at com.epam.Pages.MainPage.goToYourProfile(MainPage.java:33)
	at com.epam.Steps.Steps.goToRepository(Steps.java:41)
	at com.epam.Tests.Tests.openYourRepository(Tests.java:36)
	at sun.reflect.NativeMethodAccessorImpl.invoke0(Native Method)
	at sun.reflect.NativeMethodAccessorImpl.invoke(Unknown Source)
	at sun.reflect.DelegatingMethodAccessorImpl.invoke(Unknown Source)
	at java.lang.reflect.Method.invoke(Unknown Source)
	at org.testng.internal.MethodInvocationHelper.invokeMethod(MethodInvocationHelper.java:86)
	at org.testng.internal.Invoker.invokeMethod(Invoker.java:643)
	at org.testng.internal.Invoker.invokeTestMethod(Invoker.java:820)
	at org.testng.internal.Invoker.invokeTestMethods(Invoker.java:1128)
	at org.testng.internal.TestMethodWorker.invokeTestMethods(TestMethodWorker.java:129)
	at org.testng.internal.TestMethodWorker.run(TestMethodWorker.java:112)
	at org.testng.TestRunner.privateRun(TestRunner.java:782)
	at org.testng.TestRunner.run(TestRunner.java:632)
	at org.testng.SuiteRunner.runTest(SuiteRunner.java:366)
	at org.testng.SuiteRunner.runSequentially(SuiteRunner.java:361)
	at org.testng.SuiteRunner.privateRun(SuiteRunner.java:319)
	at org.testng.SuiteRunner.run(SuiteRunner.java:268)
	at org.testng.SuiteRunnerWorker.runSuite(SuiteRunnerWorker.java:52)
	at org.testng.SuiteRunnerWorker.run(SuiteRunnerWorker.java:86)
	at org.testng.TestNG.runSuitesSequentially(TestNG.java:1244)
	at org.testng.TestNG.runSuitesLocally(TestNG.java:1169)
	at org.testng.TestNG.run(TestNG.java:1064)
	at com.epam.Tests.Runner.main(Runner.java:15)
]]>
            </full-stacktrace>
          </exception> <!-- org.openqa.selenium.ElementNotVisibleException -->
          <reporter-output>
          </reporter-output>
        </test-method> <!-- openYourRepository -->
        <test-method status="PASS" signature="stopBrowser()[pri:0, instance:com.epam.Tests.Tests@6debcae2]" name="stopBrowser" is-config="true" duration-ms="1455" started-at="2016-11-25T12:11:46Z" description="Stop Browser" finished-at="2016-11-25T12:11:47Z">
          <reporter-output>
          </reporter-output>
        </test-method> <!-- stopBrowser -->
      </class> <!-- com.epam.Tests.Tests -->
    </test> <!-- Command line test -->
  </suite> <!-- Command line suite -->
</testng-results>
