<?xml version="1.0" encoding="UTF-8"?>
<testng-results skipped="0" failed="0" total="2" passed="2">
  <reporter-output>
  </reporter-output>
  <suite name="Command line suite" duration-ms="13154" started-at="2016-11-29T12:14:36Z" finished-at="2016-11-29T12:14:49Z">
    <groups>
    </groups>
    <test name="Command line test" duration-ms="13154" started-at="2016-11-29T12:14:36Z" finished-at="2016-11-29T12:14:49Z">
      <class name="com.epam.Tests.Tests">
        <test-method status="PASS" signature="setUp()[pri:0, instance:com.epam.Tests.Tests@29444d75]" name="setUp" is-config="true" duration-ms="3852" started-at="2016-11-29T15:14:36Z" description="Init browser" finished-at="2016-11-29T15:14:40Z">
          <reporter-output>
          </reporter-output>
        </test-method> <!-- setUp -->
        <test-method status="PASS" signature="loginGitHub()[pri:0, instance:com.epam.Tests.Tests@29444d75]" name="loginGitHub" duration-ms="5308" started-at="2016-11-29T15:14:40Z" finished-at="2016-11-29T15:14:46Z">
          <reporter-output>
          </reporter-output>
        </test-method> <!-- loginGitHub -->
        <test-method status="PASS" signature="openYourRepository()[pri:0, instance:com.epam.Tests.Tests@29444d75]" name="openYourRepository" duration-ms="2236" started-at="2016-11-29T15:14:46Z" finished-at="2016-11-29T15:14:48Z">
          <reporter-output>
          </reporter-output>
        </test-method> <!-- openYourRepository -->
        <test-method status="PASS" signature="stopBrowser()[pri:0, instance:com.epam.Tests.Tests@29444d75]" name="stopBrowser" is-config="true" duration-ms="867" started-at="2016-11-29T15:14:49Z" description="Stop Browser" finished-at="2016-11-29T15:14:49Z">
          <reporter-output>
          </reporter-output>
        </test-method> <!-- stopBrowser -->
      </class> <!-- com.epam.Tests.Tests -->
    </test> <!-- Command line test -->
  </suite> <!-- Command line suite -->
</testng-results>
